<?xml version="1.0" encoding="UTF-8"?>
<!-- Generated by org.testng.reporters.JUnitReportReporter -->
<testsuite hostname="LAPTOP-QMK202VJ" failures="0" tests="1" name="runner.TestRunner" time="34.365" errors="0" timestamp="2023-02-08T17:54:33 IST" skipped="0">
  <testcase classname="runner.TestRunner" name="runScenario" time="34.365"/>
  <system-out/>
</testsuite> <!-- runner.TestRunner -->
